Flow report for countDownTimer
Thu Jan 04 16:17:32 2018
Quartus II Version 9.0 Build 235 06/17/2009 Service Pack 2 SJ Web Edition


---------------------
; Table of Contents ;
---------------------
  1. Legal Notice
  2. Flow Summary
  3. Flow Settings
  4. Flow Non-Default Global Settings
  5. Flow Elapsed Time
  6. Flow OS Summary
  7. Flow Log



----------------
; Legal Notice ;
----------------
Copyright (C) 1991-2009 Altera Corporation
Your use of Altera Corporation's design tools, logic functions 
and other software and tools, and its AMPP partner logic 
functions, and any output files from any of the foregoing 
(including device programming or simulation files), and any 
associated documentation or information are expressly subject 
to the terms and conditions of the Altera Program License 
Subscription Agreement, Altera MegaCore Function License 
Agreement, or other applicable license agreement, including, 
without limitation, that your use is for the sole purpose of 
programming logic devices manufactured by Altera and sold by 
Altera or its authorized distributors.  Please refer to the 
applicable agreement for further details.



+------------------------------------------------------------------------+
; Flow Summary                                                           ;
+-------------------------+----------------------------------------------+
; Flow Status             ; Successful - Thu Jan 04 16:17:32 2018        ;
; Quartus II Version      ; 9.0 Build 235 06/17/2009 SP 2 SJ Web Edition ;
; Revision Name           ; countDownTimer                               ;
; Top-level Entity Name   ; countDownTimer                               ;
; Family                  ; ACEX1K                                       ;
; Device                  ; EP1K30FC256-1                                ;
; Timing Models           ; Final                                        ;
; Met timing requirements ; No                                           ;
; Total logic elements    ; 717 / 1,728 ( 41 % )                         ;
; Total pins              ; 15 / 171 ( 9 % )                             ;
; Total memory bits       ; 0 / 24,576 ( 0 % )                           ;
; Total PLLs              ; 0 / 1 ( 0 % )                                ;
+-------------------------+----------------------------------------------+


+-----------------------------------------+
; Flow Settings                           ;
+-------------------+---------------------+
; Option            ; Setting             ;
+-------------------+---------------------+
; Start date & time ; 01/04/2018 16:16:53 ;
; Main task         ; Compilation         ;
; Revision Name     ; countDownTimer      ;
+-------------------+---------------------+


+--------------------------------------------------------------------------------------------------------------------+
; Flow Non-Default Global Settings                                                                                   ;
+------------------------------------+--------------------------------+---------------+-------------+----------------+
; Assignment Name                    ; Value                          ; Default Value ; Entity Name ; Section Id     ;
+------------------------------------+--------------------------------+---------------+-------------+----------------+
; COMPILER_SIGNATURE_ID              ; 82200797299657.151505381304184 ; --            ; --          ; --             ;
; MAX_CORE_JUNCTION_TEMP             ; 85                             ; --            ; --          ; --             ;
; MIN_CORE_JUNCTION_TEMP             ; 0                              ; --            ; --          ; --             ;
; USE_GENERATED_PHYSICAL_CONSTRAINTS ; Off                            ; --            ; --          ; eda_blast_fpga ;
+------------------------------------+--------------------------------+---------------+-------------+----------------+


+-----------------------------------------------------------------------------------------------------------------------------+
; Flow Elapsed Time                                                                                                           ;
+-------------------------+--------------+-------------------------+---------------------+------------------------------------+
; Module Name             ; Elapsed Time ; Average Processors Used ; Peak Virtual Memory ; Total CPU Time (on all processors) ;
+-------------------------+--------------+-------------------------+---------------------+------------------------------------+
; Analysis & Synthesis    ; 00:00:16     ; 1.0                     ; 236 MB              ; 00:00:16                           ;
; Fitter                  ; 00:00:17     ; 1.0                     ; 187 MB              ; 00:00:17                           ;
; Assembler               ; 00:00:01     ; 1.0                     ; 188 MB              ; 00:00:01                           ;
; Classic Timing Analyzer ; 00:00:02     ; 1.0                     ; 159 MB              ; 00:00:01                           ;
; Total                   ; 00:00:36     ; --                      ; --                  ; 00:00:35                           ;
+-------------------------+--------------+-------------------------+---------------------+------------------------------------+


+------------------------------------------------------------------------------------------+
; Flow OS Summary                                                                          ;
+-------------------------+------------------+---------------+------------+----------------+
; Module Name             ; Machine Hostname ; OS Name       ; OS Version ; Processor type ;
+-------------------------+------------------+---------------+------------+----------------+
; Analysis & Synthesis    ; Quinn-PC         ; Windows Vista ; 6.1        ; x86_64         ;
; Fitter                  ; Quinn-PC         ; Windows Vista ; 6.1        ; x86_64         ;
; Assembler               ; Quinn-PC         ; Windows Vista ; 6.1        ; x86_64         ;
; Classic Timing Analyzer ; Quinn-PC         ; Windows Vista ; 6.1        ; x86_64         ;
+-------------------------+------------------+---------------+------------+----------------+


------------
; Flow Log ;
------------
quartus_map --read_settings_files=on --write_settings_files=off countDownTimer -c countDownTimer
quartus_fit --read_settings_files=off --write_settings_files=off countDownTimer -c countDownTimer
quartus_asm --read_settings_files=off --write_settings_files=off countDownTimer -c countDownTimer
quartus_tan --read_settings_files=off --write_settings_files=off countDownTimer -c countDownTimer



